Determining if the pthread_create exist failed with the following output:
Change Dir: /home/khorjiawei/Downloads/hector_gazebo/libgazebo/sitl_gazebo/build/CMakeFiles/CMakeTmp

Run Build Command:"/usr/bin/make" "cmTC_19b67/fast"
/usr/bin/make -f CMakeFiles/cmTC_19b67.dir/build.make CMakeFiles/cmTC_19b67.dir/build
make[1]: Entering directory '/home/khorjiawei/Downloads/hector_gazebo/libgazebo/sitl_gazebo/build/CMakeFiles/CMakeTmp'
Building C object CMakeFiles/cmTC_19b67.dir/CheckSymbolExists.c.o
/usr/bin/cc    -o CMakeFiles/cmTC_19b67.dir/CheckSymbolExists.c.o   -c /home/khorjiawei/Downloads/hector_gazebo/libgazebo/sitl_gazebo/build/CMakeFiles/CMakeTmp/CheckSymbolExists.c
Linking C executable cmTC_19b67
/usr/bin/cmake -E cmake_link_script CMakeFiles/cmTC_19b67.dir/link.txt --verbose=1
/usr/bin/cc      CMakeFiles/cmTC_19b67.dir/CheckSymbolExists.c.o  -o cmTC_19b67 
CMakeFiles/cmTC_19b67.dir/CheckSymbolExists.c.o: In function `main':
CheckSymbolExists.c:(.text+0x1b): undefined reference to `pthread_create'
collect2: error: ld returned 1 exit status
CMakeFiles/cmTC_19b67.dir/build.make:97: recipe for target 'cmTC_19b67' failed
make[1]: *** [cmTC_19b67] Error 1
make[1]: Leaving directory '/home/khorjiawei/Downloads/hector_gazebo/libgazebo/sitl_gazebo/build/CMakeFiles/CMakeTmp'
Makefile:126: recipe for target 'cmTC_19b67/fast' failed
make: *** [cmTC_19b67/fast] Error 2

File /home/khorjiawei/Downloads/hector_gazebo/libgazebo/sitl_gazebo/build/CMakeFiles/CMakeTmp/CheckSymbolExists.c:
/* */
#include <pthread.h>

int main(int argc, char** argv)
{
  (void)argv;
#ifndef pthread_create
  return ((int*)(&pthread_create))[argc];
#else
  (void)argc;
  return 0;
#endif
}

Determining if the function pthread_create exists in the pthreads failed with the following output:
Change Dir: /home/khorjiawei/Downloads/hector_gazebo/libgazebo/sitl_gazebo/build/CMakeFiles/CMakeTmp

Run Build Command:"/usr/bin/make" "cmTC_d7ea2/fast"
/usr/bin/make -f CMakeFiles/cmTC_d7ea2.dir/build.make CMakeFiles/cmTC_d7ea2.dir/build
make[1]: Entering directory '/home/khorjiawei/Downloads/hector_gazebo/libgazebo/sitl_gazebo/build/CMakeFiles/CMakeTmp'
Building C object CMakeFiles/cmTC_d7ea2.dir/CheckFunctionExists.c.o
/usr/bin/cc   -DCHECK_FUNCTION_EXISTS=pthread_create   -o CMakeFiles/cmTC_d7ea2.dir/CheckFunctionExists.c.o   -c /usr/share/cmake-3.10/Modules/CheckFunctionExists.c
Linking C executable cmTC_d7ea2
/usr/bin/cmake -E cmake_link_script CMakeFiles/cmTC_d7ea2.dir/link.txt --verbose=1
/usr/bin/cc  -DCHECK_FUNCTION_EXISTS=pthread_create    CMakeFiles/cmTC_d7ea2.dir/CheckFunctionExists.c.o  -o cmTC_d7ea2 -lpthreads 
/usr/bin/ld: cannot find -lpthreads
collect2: error: ld returned 1 exit status
CMakeFiles/cmTC_d7ea2.dir/build.make:97: recipe for target 'cmTC_d7ea2' failed
make[1]: *** [cmTC_d7ea2] Error 1
make[1]: Leaving directory '/home/khorjiawei/Downloads/hector_gazebo/libgazebo/sitl_gazebo/build/CMakeFiles/CMakeTmp'
Makefile:126: recipe for target 'cmTC_d7ea2/fast' failed
make: *** [cmTC_d7ea2/fast] Error 2


